# JRE version: OpenJDK Runtime Environment Temurin-17.0.1+12 (17.0.1+12) (build 17.0.1+12)
# Java VM: OpenJDK 64-Bit Server VM Temurin-17.0.1+12 (17.0.1+12, mixed mode, sharing, tiered, compressed oops, compressed class ptrs, g1 gc, windows-amd64)
GC Precious Log:
 CPUs: 6 total, 6 available
 Memory: 16332M
 Large Page Support: Disabled
 NUMA Support: Disabled
 Compressed Oops: Enabled (Zero based)
 Heap Region Size: 2M
 Heap Min Capacity: 8M
 Heap Initial Capacity: 256M
 Heap Max Capacity: 3G
 Pre-touch: Disabled
 Parallel Workers: 6
 Concurrent Workers: 2
 Concurrent Refinement Workers: 6
 Periodic GC: Disabled
Heap:
 garbage-first heap   total 583680K, used 374220K [0x0000000740000000, 0x0000000800000000)
  region size 2048K, 3 young (6144K), 3 survivors (6144K)
 Metaspace       used 56061K, committed 56512K, reserved 1105920K
  class space    used 7580K, committed 7808K, reserved 1048576K
GC Heap History (20 events):
Event: 6.191 GC heap after
{Heap after GC invocations=17 (full 0):
 garbage-first heap   total 122880K, used 48553K [0x0000000740000000, 0x0000000800000000)
  region size 2048K, 2 young (4096K), 2 survivors (4096K)
 Metaspace       used 55160K, committed 55680K, reserved 1097728K
  class space    used 7476K, committed 7680K, reserved 1048576K
}
Event: 6.194 GC heap before
{Heap before GC invocations=17 (full 0):
 garbage-first heap   total 122880K, used 50601K [0x0000000740000000, 0x0000000800000000)
  region size 2048K, 3 young (6144K), 2 survivors (4096K)
 Metaspace       used 55163K, committed 55680K, reserved 1097728K
  class space    used 7476K, committed 7680K, reserved 1048576K
}
Event: 6.196 GC heap after
{Heap after GC invocations=18 (full 0):
 garbage-first heap   total 157696K, used 48582K [0x0000000740000000, 0x0000000800000000)
  region size 2048K, 2 young (4096K), 2 survivors (4096K)
 Metaspace       used 55163K, committed 55680K, reserved 1097728K
  class space    used 7476K, committed 7680K, reserved 1048576K
}
Event: 6.216 GC heap before
{Heap before GC invocations=18 (full 0):
 garbage-first heap   total 157696K, used 69062K [0x0000000740000000, 0x0000000800000000)
  region size 2048K, 3 young (6144K), 2 survivors (4096K)
 Metaspace       used 55163K, committed 55680K, reserved 1097728K
  class space    used 7476K, committed 7680K, reserved 1048576K
}
Event: 6.219 GC heap after
{Heap after GC invocations=19 (full 0):
 garbage-first heap   total 157696K, used 48797K [0x0000000740000000, 0x0000000800000000)
  region size 2048K, 2 young (4096K), 2 survivors (4096K)
 Metaspace       used 55163K, committed 55680K, reserved 1097728K
  class space    used 7476K, committed 7680K, reserved 1048576K
}
Event: 6.311 GC heap before
{Heap before GC invocations=19 (full 0):
 garbage-first heap   total 157696K, used 75421K [0x0000000740000000, 0x0000000800000000)
  region size 2048K, 6 young (12288K), 2 survivors (4096K)
 Metaspace       used 55656K, committed 56192K, reserved 1097728K
  class space    used 7554K, committed 7808K, reserved 1048576K
}
Event: 6.314 GC heap after
{Heap after GC invocations=20 (full 0):
 garbage-first heap   total 157696K, used 56486K [0x0000000740000000, 0x0000000800000000)
  region size 2048K, 3 young (6144K), 3 survivors (6144K)
 Metaspace       used 55656K, committed 56192K, reserved 1097728K
  class space    used 7554K, committed 7808K, reserved 1048576K
}
Event: 6.466 GC heap before
{Heap before GC invocations=20 (full 0):
 garbage-first heap   total 157696K, used 138406K [0x0000000740000000, 0x0000000800000000)
  region size 2048K, 37 young (75776K), 3 survivors (6144K)
 Metaspace       used 55772K, committed 56256K, reserved 1105920K
  class space    used 7565K, committed 7808K, reserved 1048576K
}
Event: 6.501 GC heap after
{Heap after GC invocations=21 (full 0):
 garbage-first heap   total 192512K, used 102815K [0x0000000740000000, 0x0000000800000000)
  region size 2048K, 5 young (10240K), 5 survivors (10240K)
 Metaspace       used 55772K, committed 56256K, reserved 1105920K
  class space    used 7565K, committed 7808K, reserved 1048576K
}
Event: 6.555 GC heap before
{Heap before GC invocations=21 (full 0):
 garbage-first heap   total 192512K, used 139679K [0x0000000740000000, 0x0000000800000000)
  region size 2048K, 23 young (47104K), 5 survivors (10240K)
 Metaspace       used 55772K, committed 56256K, reserved 1105920K
  class space    used 7565K, committed 7808K, reserved 1048576K
}
Event: 6.570 GC heap after
{Heap after GC invocations=22 (full 0):
 garbage-first heap   total 497664K, used 126394K [0x0000000740000000, 0x0000000800000000)
  region size 2048K, 3 young (6144K), 3 survivors (6144K)
 Metaspace       used 55772K, committed 56256K, reserved 1105920K
  class space    used 7565K, committed 7808K, reserved 1048576K
}
Event: 6.872 GC heap before
{Heap before GC invocations=23 (full 0):
 garbage-first heap   total 497664K, used 347578K [0x0000000740000000, 0x0000000800000000)
  region size 2048K, 74 young (151552K), 3 survivors (6144K)
 Metaspace       used 55945K, committed 56448K, reserved 1105920K
  class space    used 7580K, committed 7808K, reserved 1048576K
}
Event: 6.932 GC heap after
{Heap after GC invocations=24 (full 0):
 garbage-first heap   total 497664K, used 227470K [0x0000000740000000, 0x0000000800000000)
  region size 2048K, 10 young (20480K), 10 survivors (20480K)
 Metaspace       used 55945K, committed 56448K, reserved 1105920K
  class space    used 7580K, committed 7808K, reserved 1048576K
}
Event: 7.064 GC heap before
{Heap before GC invocations=24 (full 0):
 garbage-first heap   total 497664K, used 315534K [0x0000000740000000, 0x0000000800000000)
  region size 2048K, 48 young (98304K), 10 survivors (20480K)
 Metaspace       used 56050K, committed 56512K, reserved 1105920K
  class space    used 7580K, committed 7808K, reserved 1048576K
}
Event: 7.095 GC heap after
{Heap after GC invocations=25 (full 0):
 garbage-first heap   total 497664K, used 273868K [0x0000000740000000, 0x0000000800000000)
  region size 2048K, 7 young (14336K), 7 survivors (14336K)
 Metaspace       used 56050K, committed 56512K, reserved 1105920K
  class space    used 7580K, committed 7808K, reserved 1048576K
}
Event: 7.191 GC heap before
{Heap before GC invocations=25 (full 0):
 garbage-first heap   total 497664K, used 396748K [0x0000000740000000, 0x0000000800000000)
  region size 2048K, 40 young (81920K), 7 survivors (14336K)
 Metaspace       used 56061K, committed 56512K, reserved 1105920K
  class space    used 7580K, committed 7808K, reserved 1048576K
}
Event: 7.218 GC heap after
{Heap after GC invocations=26 (full 0):
 garbage-first heap   total 497664K, used 329164K [0x0000000740000000, 0x0000000800000000)
  region size 2048K, 5 young (10240K), 5 survivors (10240K)
 Metaspace       used 56061K, committed 56512K, reserved 1105920K
  class space    used 7580K, committed 7808K, reserved 1048576K
}
Event: 7.254 GC heap before
{Heap before GC invocations=26 (full 0):
 garbage-first heap   total 497664K, used 374220K [0x0000000740000000, 0x0000000800000000)
  region size 2048K, 27 young (55296K), 5 survivors (10240K)
 Metaspace       used 56061K, committed 56512K, reserved 1105920K
  class space    used 7580K, committed 7808K, reserved 1048576K
}
Event: 7.270 GC heap after
{Heap after GC invocations=27 (full 0):
 garbage-first heap   total 497664K, used 351692K [0x0000000740000000, 0x0000000800000000)
  region size 2048K, 4 young (8192K), 4 survivors (8192K)
 Metaspace       used 56061K, committed 56512K, reserved 1105920K
  class space    used 7580K, committed 7808K, reserved 1048576K
}
Event: 7.311 GC heap before
{Heap before GC invocations=27 (full 0):
 garbage-first heap   total 583680K, used 380364K [0x0000000740000000, 0x0000000800000000)
  region size 2048K, 21 young (43008K), 4 survivors (8192K)
 Metaspace       used 56061K, committed 56512K, reserved 1105920K
  class space    used 7580K, committed 7808K, reserved 1048576K
}

