# JRE version: OpenJDK Runtime Environment (8.0_312-b07) (build 1.8.0_312-b07)
# Java VM: OpenJDK 64-Bit Server VM (25.312-b07 mixed mode windows-amd64 compressed oops)
Heap:
 PSYoungGen      total 141824K, used 8744K [0x0000000780000000, 0x0000000789500000, 0x00000007c0000000)
  eden space 131072K, 6% used [0x0000000780000000,0x000000078088a3a8,0x0000000788000000)
  from space 10752K, 0% used [0x0000000788a80000,0x0000000788a80000,0x0000000789500000)
  to   space 10752K, 0% used [0x0000000788000000,0x0000000788000000,0x0000000788a80000)
 ParOldGen       total 153600K, used 15795K [0x0000000700000000, 0x0000000709600000, 0x0000000780000000)
  object space 153600K, 10% used [0x0000000700000000,0x0000000700f6ce20,0x0000000709600000)
 Metaspace       used 34404K, capacity 35846K, committed 36096K, reserved 1079296K
  class space    used 4931K, capacity 5264K, committed 5376K, reserved 1048576K
GC Heap History (10 events):
Event: 1.983 GC heap before
{Heap before GC invocations=4 (full 0):
 PSYoungGen      total 76288K, used 51753K [0x0000000780000000, 0x0000000789500000, 0x00000007c0000000)
  eden space 65536K, 62% used [0x0000000780000000,0x000000078283b188,0x0000000784000000)
  from space 10752K, 98% used [0x0000000784000000,0x0000000784a4f408,0x0000000784a80000)
  to   space 10752K, 0% used [0x0000000788a80000,0x0000000788a80000,0x0000000789500000)
 ParOldGen       total 175104K, used 32K [0x0000000700000000, 0x000000070ab00000, 0x0000000780000000)
  object space 175104K, 0% used [0x0000000700000000,0x0000000700008000,0x000000070ab00000)
 Metaspace       used 20596K, capacity 21268K, committed 21296K, reserved 1067008K
  class space    used 2993K, capacity 3180K, committed 3200K, reserved 1048576K
Event: 1.989 GC heap after
Heap after GC invocations=4 (full 0):
 PSYoungGen      total 141824K, used 10191K [0x0000000780000000, 0x0000000789500000, 0x00000007c0000000)
  eden space 131072K, 0% used [0x0000000780000000,0x0000000780000000,0x0000000788000000)
  from space 10752K, 94% used [0x0000000788a80000,0x0000000789473c00,0x0000000789500000)
  to   space 10752K, 0% used [0x0000000788000000,0x0000000788000000,0x0000000788a80000)
 ParOldGen       total 175104K, used 40K [0x0000000700000000, 0x000000070ab00000, 0x0000000780000000)
  object space 175104K, 0% used [0x0000000700000000,0x000000070000a000,0x000000070ab00000)
 Metaspace       used 20596K, capacity 21268K, committed 21296K, reserved 1067008K
  class space    used 2993K, capacity 3180K, committed 3200K, reserved 1048576K
}
Event: 1.989 GC heap before
{Heap before GC invocations=5 (full 1):
 PSYoungGen      total 141824K, used 10191K [0x0000000780000000, 0x0000000789500000, 0x00000007c0000000)
  eden space 131072K, 0% used [0x0000000780000000,0x0000000780000000,0x0000000788000000)
  from space 10752K, 94% used [0x0000000788a80000,0x0000000789473c00,0x0000000789500000)
  to   space 10752K, 0% used [0x0000000788000000,0x0000000788000000,0x0000000788a80000)
 ParOldGen       total 175104K, used 40K [0x0000000700000000, 0x000000070ab00000, 0x0000000780000000)
  object space 175104K, 0% used [0x0000000700000000,0x000000070000a000,0x000000070ab00000)
 Metaspace       used 20596K, capacity 21268K, committed 21296K, reserved 1067008K
  class space    used 2993K, capacity 3180K, committed 3200K, reserved 1048576K
Event: 2.010 GC heap after
Heap after GC invocations=5 (full 1):
 PSYoungGen      total 141824K, used 0K [0x0000000780000000, 0x0000000789500000, 0x00000007c0000000)
  eden space 131072K, 0% used [0x0000000780000000,0x0000000780000000,0x0000000788000000)
  from space 10752K, 0% used [0x0000000788a80000,0x0000000788a80000,0x0000000789500000)
  to   space 10752K, 0% used [0x0000000788000000,0x0000000788000000,0x0000000788a80000)
 ParOldGen       total 101376K, used 9877K [0x0000000700000000, 0x0000000706300000, 0x0000000780000000)
  object space 101376K, 9% used [0x0000000700000000,0x00000007009a5458,0x0000000706300000)
 Metaspace       used 20596K, capacity 21268K, committed 21296K, reserved 1067008K
  class space    used 2993K, capacity 3180K, committed 3200K, reserved 1048576K
}
Event: 2.704 GC heap before
{Heap before GC invocations=6 (full 1):
 PSYoungGen      total 141824K, used 131072K [0x0000000780000000, 0x0000000789500000, 0x00000007c0000000)
  eden space 131072K, 100% used [0x0000000780000000,0x0000000788000000,0x0000000788000000)
  from space 10752K, 0% used [0x0000000788a80000,0x0000000788a80000,0x0000000789500000)
  to   space 10752K, 0% used [0x0000000788000000,0x0000000788000000,0x0000000788a80000)
 ParOldGen       total 101376K, used 9877K [0x0000000700000000, 0x0000000706300000, 0x0000000780000000)
  object space 101376K, 9% used [0x0000000700000000,0x00000007009a5458,0x0000000706300000)
 Metaspace       used 32616K, capacity 34038K, committed 34176K, reserved 1079296K
  class space    used 4619K, capacity 4937K, committed 4992K, reserved 1048576K
Event: 2.713 GC heap after
Heap after GC invocations=6 (full 1):
 PSYoungGen      total 141824K, used 10732K [0x0000000780000000, 0x0000000789500000, 0x00000007c0000000)
  eden space 131072K, 0% used [0x0000000780000000,0x0000000780000000,0x0000000788000000)
  from space 10752K, 99% used [0x0000000788000000,0x0000000788a7b328,0x0000000788a80000)
  to   space 10752K, 0% used [0x0000000788a80000,0x0000000788a80000,0x0000000789500000)
 ParOldGen       total 101376K, used 12657K [0x0000000700000000, 0x0000000706300000, 0x0000000780000000)
  object space 101376K, 12% used [0x0000000700000000,0x0000000700c5c7c0,0x0000000706300000)
 Metaspace       used 32616K, capacity 34038K, committed 34176K, reserved 1079296K
  class space    used 4619K, capacity 4937K, committed 4992K, reserved 1048576K
}
Event: 2.851 GC heap before
{Heap before GC invocations=7 (full 1):
 PSYoungGen      total 141824K, used 42816K [0x0000000780000000, 0x0000000789500000, 0x00000007c0000000)
  eden space 131072K, 24% used [0x0000000780000000,0x0000000781f54e78,0x0000000788000000)
  from space 10752K, 99% used [0x0000000788000000,0x0000000788a7b328,0x0000000788a80000)
  to   space 10752K, 0% used [0x0000000788a80000,0x0000000788a80000,0x0000000789500000)
 ParOldGen       total 101376K, used 12657K [0x0000000700000000, 0x0000000706300000, 0x0000000780000000)
  object space 101376K, 12% used [0x0000000700000000,0x0000000700c5c7c0,0x0000000706300000)
 Metaspace       used 33976K, capacity 35324K, committed 35456K, reserved 1079296K
  class space    used 4849K, capacity 5161K, committed 5248K, reserved 1048576K
Event: 2.859 GC heap after
Heap after GC invocations=7 (full 1):
 PSYoungGen      total 141824K, used 8425K [0x0000000780000000, 0x0000000789500000, 0x00000007c0000000)
  eden space 131072K, 0% used [0x0000000780000000,0x0000000780000000,0x0000000788000000)
  from space 10752K, 78% used [0x0000000788a80000,0x00000007892ba640,0x0000000789500000)
  to   space 10752K, 0% used [0x0000000788000000,0x0000000788000000,0x0000000788a80000)
 ParOldGen       total 101376K, used 12665K [0x0000000700000000, 0x0000000706300000, 0x0000000780000000)
  object space 101376K, 12% used [0x0000000700000000,0x0000000700c5e7c0,0x0000000706300000)
 Metaspace       used 33976K, capacity 35324K, committed 35456K, reserved 1079296K
  class space    used 4849K, capacity 5161K, committed 5248K, reserved 1048576K
}
Event: 2.859 GC heap before
{Heap before GC invocations=8 (full 2):
 PSYoungGen      total 141824K, used 8425K [0x0000000780000000, 0x0000000789500000, 0x00000007c0000000)
  eden space 131072K, 0% used [0x0000000780000000,0x0000000780000000,0x0000000788000000)
  from space 10752K, 78% used [0x0000000788a80000,0x00000007892ba640,0x0000000789500000)
  to   space 10752K, 0% used [0x0000000788000000,0x0000000788000000,0x0000000788a80000)
 ParOldGen       total 101376K, used 12665K [0x0000000700000000, 0x0000000706300000, 0x0000000780000000)
  object space 101376K, 12% used [0x0000000700000000,0x0000000700c5e7c0,0x0000000706300000)
 Metaspace       used 33976K, capacity 35324K, committed 35456K, reserved 1079296K
  class space    used 4849K, capacity 5161K, committed 5248K, reserved 1048576K
Event: 2.891 GC heap after
Heap after GC invocations=8 (full 2):
 PSYoungGen      total 141824K, used 0K [0x0000000780000000, 0x0000000789500000, 0x00000007c0000000)
  eden space 131072K, 0% used [0x0000000780000000,0x0000000780000000,0x0000000788000000)
  from space 10752K, 0% used [0x0000000788a80000,0x0000000788a80000,0x0000000789500000)
  to   space 10752K, 0% used [0x0000000788000000,0x0000000788000000,0x0000000788a80000)
 ParOldGen       total 153600K, used 15795K [0x0000000700000000, 0x0000000709600000, 0x0000000780000000)
  object space 153600K, 10% used [0x0000000700000000,0x0000000700f6ce20,0x0000000709600000)
 Metaspace       used 33976K, capacity 35324K, committed 35456K, reserved 1079296K
  class space    used 4849K, capacity 5161K, committed 5248K, reserved 1048576K
}

