# JRE version: OpenJDK Runtime Environment (8.0_312-b07) (build 1.8.0_312-b07)
# Java VM: OpenJDK 64-Bit Server VM (25.312-b07 mixed mode windows-amd64 compressed oops)
Heap:
 PSYoungGen      total 76288K, used 44361K [0x0000000780000000, 0x0000000785500000, 0x00000007c0000000)
  eden space 65536K, 54% used [0x0000000780000000,0x00000007822a9998,0x0000000784000000)
  from space 10752K, 82% used [0x0000000784a80000,0x0000000785328aa0,0x0000000785500000)
  to   space 10752K, 0% used [0x0000000784000000,0x0000000784000000,0x0000000784a80000)
 ParOldGen       total 175104K, used 24K [0x0000000700000000, 0x000000070ab00000, 0x0000000780000000)
  object space 175104K, 0% used [0x0000000700000000,0x0000000700006000,0x000000070ab00000)
 Metaspace       used 15825K, capacity 16296K, committed 16512K, reserved 1062912K
  class space    used 2231K, capacity 2370K, committed 2432K, reserved 1048576K
GC Heap History (4 events):
Event: 0.667 GC heap before
{Heap before GC invocations=1 (full 0):
 PSYoungGen      total 76288K, used 65536K [0x0000000780000000, 0x0000000785500000, 0x00000007c0000000)
  eden space 65536K, 100% used [0x0000000780000000,0x0000000784000000,0x0000000784000000)
  from space 10752K, 0% used [0x0000000784a80000,0x0000000784a80000,0x0000000785500000)
  to   space 10752K, 0% used [0x0000000784000000,0x0000000784000000,0x0000000784a80000)
 ParOldGen       total 175104K, used 0K [0x0000000700000000, 0x000000070ab00000, 0x0000000780000000)
  object space 175104K, 0% used [0x0000000700000000,0x0000000700000000,0x000000070ab00000)
 Metaspace       used 7555K, capacity 7792K, committed 8064K, reserved 1056768K
  class space    used 940K, capacity 1054K, committed 1152K, reserved 1048576K
Event: 0.672 GC heap after
Heap after GC invocations=1 (full 0):
 PSYoungGen      total 76288K, used 6145K [0x0000000780000000, 0x0000000785500000, 0x00000007c0000000)
  eden space 65536K, 0% used [0x0000000780000000,0x0000000780000000,0x0000000784000000)
  from space 10752K, 57% used [0x0000000784000000,0x0000000784600498,0x0000000784a80000)
  to   space 10752K, 0% used [0x0000000784a80000,0x0000000784a80000,0x0000000785500000)
 ParOldGen       total 175104K, used 16K [0x0000000700000000, 0x000000070ab00000, 0x0000000780000000)
  object space 175104K, 0% used [0x0000000700000000,0x0000000700004000,0x000000070ab00000)
 Metaspace       used 7555K, capacity 7792K, committed 8064K, reserved 1056768K
  class space    used 940K, capacity 1054K, committed 1152K, reserved 1048576K
}
Event: 1.352 GC heap before
{Heap before GC invocations=2 (full 0):
 PSYoungGen      total 76288K, used 71681K [0x0000000780000000, 0x0000000785500000, 0x00000007c0000000)
  eden space 65536K, 100% used [0x0000000780000000,0x0000000784000000,0x0000000784000000)
  from space 10752K, 57% used [0x0000000784000000,0x0000000784600498,0x0000000784a80000)
  to   space 10752K, 0% used [0x0000000784a80000,0x0000000784a80000,0x0000000785500000)
 ParOldGen       total 175104K, used 16K [0x0000000700000000, 0x000000070ab00000, 0x0000000780000000)
  object space 175104K, 0% used [0x0000000700000000,0x0000000700004000,0x000000070ab00000)
 Metaspace       used 13432K, capacity 13858K, committed 14080K, reserved 1060864K
  class space    used 1862K, capacity 1995K, committed 2048K, reserved 1048576K
Event: 1.360 GC heap after
Heap after GC invocations=2 (full 0):
 PSYoungGen      total 76288K, used 8866K [0x0000000780000000, 0x0000000785500000, 0x00000007c0000000)
  eden space 65536K, 0% used [0x0000000780000000,0x0000000780000000,0x0000000784000000)
  from space 10752K, 82% used [0x0000000784a80000,0x0000000785328aa0,0x0000000785500000)
  to   space 10752K, 0% used [0x0000000784000000,0x0000000784000000,0x0000000784a80000)
 ParOldGen       total 175104K, used 24K [0x0000000700000000, 0x000000070ab00000, 0x0000000780000000)
  object space 175104K, 0% used [0x0000000700000000,0x0000000700006000,0x000000070ab00000)
 Metaspace       used 13432K, capacity 13858K, committed 14080K, reserved 1060864K
  class space    used 1862K, capacity 1995K, committed 2048K, reserved 1048576K
}

