# JRE version: OpenJDK Runtime Environment Temurin-17.0.1+12 (17.0.1+12) (build 17.0.1+12)
# Java VM: OpenJDK 64-Bit Server VM Temurin-17.0.1+12 (17.0.1+12, mixed mode, sharing, tiered, compressed oops, compressed class ptrs, g1 gc, windows-amd64)
GC Precious Log:
 CPUs: 6 total, 6 available
 Memory: 16332M
 Large Page Support: Disabled
 NUMA Support: Disabled
 Compressed Oops: Enabled (Zero based)
 Heap Region Size: 2M
 Heap Min Capacity: 8M
 Heap Initial Capacity: 256M
 Heap Max Capacity: 3G
 Pre-touch: Disabled
 Parallel Workers: 6
 Concurrent Workers: 2
 Concurrent Refinement Workers: 6
 Periodic GC: Disabled
Heap:
 garbage-first heap   total 479232K, used 278035K [0x0000000740000000, 0x0000000800000000)
  region size 2048K, 3 young (6144K), 3 survivors (6144K)
 Metaspace       used 56258K, committed 56832K, reserved 1105920K
  class space    used 7583K, committed 7808K, reserved 1048576K
GC Heap History (20 events):
Event: 7.682 GC heap after
{Heap after GC invocations=17 (full 0):
 garbage-first heap   total 122880K, used 49777K [0x0000000740000000, 0x0000000800000000)
  region size 2048K, 2 young (4096K), 2 survivors (4096K)
 Metaspace       used 55136K, committed 55680K, reserved 1097728K
  class space    used 7456K, committed 7680K, reserved 1048576K
}
Event: 7.684 GC heap before
{Heap before GC invocations=17 (full 0):
 garbage-first heap   total 122880K, used 51825K [0x0000000740000000, 0x0000000800000000)
  region size 2048K, 3 young (6144K), 2 survivors (4096K)
 Metaspace       used 55139K, committed 55680K, reserved 1097728K
  class space    used 7456K, committed 7680K, reserved 1048576K
}
Event: 7.686 GC heap after
{Heap after GC invocations=18 (full 0):
 garbage-first heap   total 159744K, used 49714K [0x0000000740000000, 0x0000000800000000)
  region size 2048K, 2 young (4096K), 2 survivors (4096K)
 Metaspace       used 55139K, committed 55680K, reserved 1097728K
  class space    used 7456K, committed 7680K, reserved 1048576K
}
Event: 7.706 GC heap before
{Heap before GC invocations=18 (full 0):
 garbage-first heap   total 159744K, used 70194K [0x0000000740000000, 0x0000000800000000)
  region size 2048K, 3 young (6144K), 2 survivors (4096K)
 Metaspace       used 55139K, committed 55680K, reserved 1097728K
  class space    used 7456K, committed 7680K, reserved 1048576K
}
Event: 7.707 GC heap after
{Heap after GC invocations=19 (full 0):
 garbage-first heap   total 159744K, used 49828K [0x0000000740000000, 0x0000000800000000)
  region size 2048K, 2 young (4096K), 2 survivors (4096K)
 Metaspace       used 55139K, committed 55680K, reserved 1097728K
  class space    used 7456K, committed 7680K, reserved 1048576K
}
Event: 7.792 GC heap before
{Heap before GC invocations=19 (full 0):
 garbage-first heap   total 159744K, used 82596K [0x0000000740000000, 0x0000000800000000)
  region size 2048K, 7 young (14336K), 2 survivors (4096K)
 Metaspace       used 55635K, committed 56192K, reserved 1097728K
  class space    used 7534K, committed 7808K, reserved 1048576K
}
Event: 7.795 GC heap after
{Heap after GC invocations=20 (full 0):
 garbage-first heap   total 159744K, used 63604K [0x0000000740000000, 0x0000000800000000)
  region size 2048K, 3 young (6144K), 3 survivors (6144K)
 Metaspace       used 55635K, committed 56192K, reserved 1097728K
  class space    used 7534K, committed 7808K, reserved 1048576K
}
Event: 7.900 GC heap before
{Heap before GC invocations=20 (full 0):
 garbage-first heap   total 159744K, used 135284K [0x0000000740000000, 0x0000000800000000)
  region size 2048K, 35 young (71680K), 3 survivors (6144K)
 Metaspace       used 55751K, committed 56320K, reserved 1097728K
  class space    used 7544K, committed 7808K, reserved 1048576K
}
Event: 7.929 GC heap after
{Heap after GC invocations=21 (full 0):
 garbage-first heap   total 188416K, used 103245K [0x0000000740000000, 0x0000000800000000)
  region size 2048K, 5 young (10240K), 5 survivors (10240K)
 Metaspace       used 55751K, committed 56320K, reserved 1097728K
  class space    used 7544K, committed 7808K, reserved 1048576K
}
Event: 7.967 GC heap before
{Heap before GC invocations=21 (full 0):
 garbage-first heap   total 188416K, used 136013K [0x0000000740000000, 0x0000000800000000)
  region size 2048K, 21 young (43008K), 5 survivors (10240K)
 Metaspace       used 55751K, committed 56320K, reserved 1097728K
  class space    used 7544K, committed 7808K, reserved 1048576K
}
Event: 7.980 GC heap after
{Heap after GC invocations=22 (full 0):
 garbage-first heap   total 479232K, used 125480K [0x0000000740000000, 0x0000000800000000)
  region size 2048K, 3 young (6144K), 3 survivors (6144K)
 Metaspace       used 55751K, committed 56320K, reserved 1097728K
  class space    used 7544K, committed 7808K, reserved 1048576K
}
Event: 8.280 GC heap before
{Heap before GC invocations=23 (full 0):
 garbage-first heap   total 479232K, used 338472K [0x0000000740000000, 0x0000000800000000)
  region size 2048K, 70 young (143360K), 3 survivors (6144K)
 Metaspace       used 55936K, committed 56512K, reserved 1097728K
  class space    used 7560K, committed 7808K, reserved 1048576K
}
Event: 8.341 GC heap after
{Heap after GC invocations=24 (full 0):
 garbage-first heap   total 479232K, used 222795K [0x0000000740000000, 0x0000000800000000)
  region size 2048K, 9 young (18432K), 9 survivors (18432K)
 Metaspace       used 55936K, committed 56512K, reserved 1097728K
  class space    used 7560K, committed 7808K, reserved 1048576K
}
Event: 8.457 GC heap before
{Heap before GC invocations=24 (full 0):
 garbage-first heap   total 479232K, used 310859K [0x0000000740000000, 0x0000000800000000)
  region size 2048K, 51 young (104448K), 9 survivors (18432K)
 Metaspace       used 56041K, committed 56576K, reserved 1097728K
  class space    used 7560K, committed 7808K, reserved 1048576K
}
Event: 8.492 GC heap after
{Heap after GC invocations=25 (full 0):
 garbage-first heap   total 479232K, used 271947K [0x0000000740000000, 0x0000000800000000)
  region size 2048K, 7 young (14336K), 7 survivors (14336K)
 Metaspace       used 56041K, committed 56576K, reserved 1097728K
  class space    used 7560K, committed 7808K, reserved 1048576K
}
Event: 8.512 GC heap before
{Heap before GC invocations=25 (full 0):
 garbage-first heap   total 479232K, used 271947K [0x0000000740000000, 0x0000000800000000)
  region size 2048K, 8 young (16384K), 7 survivors (14336K)
 Metaspace       used 56043K, committed 56576K, reserved 1097728K
  class space    used 7560K, committed 7808K, reserved 1048576K
}
Event: 8.523 GC heap after
{Heap after GC invocations=26 (full 0):
 garbage-first heap   total 479232K, used 275531K [0x0000000740000000, 0x0000000800000000)
  region size 2048K, 2 young (4096K), 2 survivors (4096K)
 Metaspace       used 56043K, committed 56576K, reserved 1097728K
  class space    used 7560K, committed 7808K, reserved 1048576K
}
Event: 8.613 GC heap before
{Heap before GC invocations=26 (full 0):
 garbage-first heap   total 479232K, used 406603K [0x0000000740000000, 0x0000000800000000)
  region size 2048K, 34 young (69632K), 2 survivors (4096K)
 Metaspace       used 56258K, committed 56832K, reserved 1105920K
  class space    used 7583K, committed 7808K, reserved 1048576K
}
Event: 8.648 GC heap after
{Heap after GC invocations=27 (full 0):
 garbage-first heap   total 479232K, used 335435K [0x0000000740000000, 0x0000000800000000)
  region size 2048K, 5 young (10240K), 5 survivors (10240K)
 Metaspace       used 56258K, committed 56832K, reserved 1105920K
  class space    used 7583K, committed 7808K, reserved 1048576K
}
Event: 8.687 GC heap before
{Heap before GC invocations=27 (full 0):
 garbage-first heap   total 479232K, used 288331K [0x0000000740000000, 0x0000000800000000)
  region size 2048K, 23 young (47104K), 5 survivors (10240K)
 Metaspace       used 56258K, committed 56832K, reserved 1105920K
  class space    used 7583K, committed 7808K, reserved 1048576K
}

