# JRE version: OpenJDK Runtime Environment (8.0_312-b07) (build 1.8.0_312-b07)
# Java VM: OpenJDK 64-Bit Server VM (25.312-b07 mixed mode windows-amd64 compressed oops)
Heap:
 PSYoungGen      total 217600K, used 29767K [0x0000000780000000, 0x0000000794500000, 0x00000007c0000000)
  eden space 204288K, 8% used [0x0000000780000000,0x0000000781012a10,0x000000078c780000)
  from space 13312K, 99% used [0x000000078c780000,0x000000078d47f2e8,0x000000078d480000)
  to   space 16384K, 0% used [0x0000000793500000,0x0000000793500000,0x0000000794500000)
 ParOldGen       total 112128K, used 17112K [0x0000000700000000, 0x0000000706d80000, 0x0000000780000000)
  object space 112128K, 15% used [0x0000000700000000,0x00000007010b6168,0x0000000706d80000)
 Metaspace       used 50316K, capacity 52808K, committed 52992K, reserved 1095680K
  class space    used 7087K, capacity 7629K, committed 7680K, reserved 1048576K
GC Heap History (10 events):
Event: 4.074 GC heap before
{Heap before GC invocations=7 (full 1):
 PSYoungGen      total 76288K, used 70696K [0x0000000780000000, 0x0000000788380000, 0x00000007c0000000)
  eden space 65536K, 100% used [0x0000000780000000,0x0000000784000000,0x0000000784000000)
  from space 10752K, 47% used [0x0000000784000000,0x000000078450a040,0x0000000784a80000)
  to   space 13312K, 0% used [0x0000000787680000,0x0000000787680000,0x0000000788380000)
 ParOldGen       total 98816K, used 9912K [0x0000000700000000, 0x0000000706080000, 0x0000000780000000)
  object space 98816K, 10% used [0x0000000700000000,0x00000007009ae288,0x0000000706080000)
 Metaspace       used 34018K, capacity 35406K, committed 35456K, reserved 1079296K
  class space    used 4888K, capacity 5213K, committed 5248K, reserved 1048576K
Event: 4.081 GC heap after
Heap after GC invocations=7 (full 1):
 PSYoungGen      total 120320K, used 10738K [0x0000000780000000, 0x0000000788380000, 0x00000007c0000000)
  eden space 107008K, 0% used [0x0000000780000000,0x0000000780000000,0x0000000786880000)
  from space 13312K, 80% used [0x0000000787680000,0x00000007880fc9d0,0x0000000788380000)
  to   space 13824K, 0% used [0x0000000786880000,0x0000000786880000,0x0000000787600000)
 ParOldGen       total 98816K, used 9920K [0x0000000700000000, 0x0000000706080000, 0x0000000780000000)
  object space 98816K, 10% used [0x0000000700000000,0x00000007009b0288,0x0000000706080000)
 Metaspace       used 34018K, capacity 35406K, committed 35456K, reserved 1079296K
  class space    used 4888K, capacity 5213K, committed 5248K, reserved 1048576K
}
Event: 4.085 GC heap before
{Heap before GC invocations=8 (full 1):
 PSYoungGen      total 120320K, used 12580K [0x0000000780000000, 0x0000000788380000, 0x00000007c0000000)
  eden space 107008K, 1% used [0x0000000780000000,0x00000007801cc800,0x0000000786880000)
  from space 13312K, 80% used [0x0000000787680000,0x00000007880fc9d0,0x0000000788380000)
  to   space 13824K, 0% used [0x0000000786880000,0x0000000786880000,0x0000000787600000)
 ParOldGen       total 98816K, used 9920K [0x0000000700000000, 0x0000000706080000, 0x0000000780000000)
  object space 98816K, 10% used [0x0000000700000000,0x00000007009b0288,0x0000000706080000)
 Metaspace       used 34051K, capacity 35406K, committed 35456K, reserved 1079296K
  class space    used 4891K, capacity 5213K, committed 5248K, reserved 1048576K
Event: 4.088 GC heap after
Heap after GC invocations=8 (full 1):
 PSYoungGen      total 120832K, used 5805K [0x0000000780000000, 0x000000078e700000, 0x00000007c0000000)
  eden space 107008K, 0% used [0x0000000780000000,0x0000000780000000,0x0000000786880000)
  from space 13824K, 41% used [0x0000000786880000,0x0000000786e2b580,0x0000000787600000)
  to   space 13824K, 0% used [0x000000078d980000,0x000000078d980000,0x000000078e700000)
 ParOldGen       total 98816K, used 9920K [0x0000000700000000, 0x0000000706080000, 0x0000000780000000)
  object space 98816K, 10% used [0x0000000700000000,0x00000007009b0288,0x0000000706080000)
 Metaspace       used 34051K, capacity 35406K, committed 35456K, reserved 1079296K
  class space    used 4891K, capacity 5213K, committed 5248K, reserved 1048576K
}
Event: 4.088 GC heap before
{Heap before GC invocations=9 (full 2):
 PSYoungGen      total 120832K, used 5805K [0x0000000780000000, 0x000000078e700000, 0x00000007c0000000)
  eden space 107008K, 0% used [0x0000000780000000,0x0000000780000000,0x0000000786880000)
  from space 13824K, 41% used [0x0000000786880000,0x0000000786e2b580,0x0000000787600000)
  to   space 13824K, 0% used [0x000000078d980000,0x000000078d980000,0x000000078e700000)
 ParOldGen       total 98816K, used 9920K [0x0000000700000000, 0x0000000706080000, 0x0000000780000000)
  object space 98816K, 10% used [0x0000000700000000,0x00000007009b0288,0x0000000706080000)
 Metaspace       used 34051K, capacity 35406K, committed 35456K, reserved 1079296K
  class space    used 4891K, capacity 5213K, committed 5248K, reserved 1048576K
Event: 4.113 GC heap after
Heap after GC invocations=9 (full 2):
 PSYoungGen      total 120832K, used 0K [0x0000000780000000, 0x000000078e700000, 0x00000007c0000000)
  eden space 107008K, 0% used [0x0000000780000000,0x0000000780000000,0x0000000786880000)
  from space 13824K, 0% used [0x0000000786880000,0x0000000786880000,0x0000000787600000)
  to   space 13824K, 0% used [0x000000078d980000,0x000000078d980000,0x000000078e700000)
 ParOldGen       total 112128K, used 13238K [0x0000000700000000, 0x0000000706d80000, 0x0000000780000000)
  object space 112128K, 11% used [0x0000000700000000,0x0000000700ced838,0x0000000706d80000)
 Metaspace       used 34051K, capacity 35406K, committed 35456K, reserved 1079296K
  class space    used 4891K, capacity 5213K, committed 5248K, reserved 1048576K
}
Event: 4.821 GC heap before
{Heap before GC invocations=10 (full 2):
 PSYoungGen      total 120832K, used 107008K [0x0000000780000000, 0x000000078e700000, 0x00000007c0000000)
  eden space 107008K, 100% used [0x0000000780000000,0x0000000786880000,0x0000000786880000)
  from space 13824K, 0% used [0x0000000786880000,0x0000000786880000,0x0000000787600000)
  to   space 13824K, 0% used [0x000000078d980000,0x000000078d980000,0x000000078e700000)
 ParOldGen       total 112128K, used 13238K [0x0000000700000000, 0x0000000706d80000, 0x0000000780000000)
  object space 112128K, 11% used [0x0000000700000000,0x0000000700ced838,0x0000000706d80000)
 Metaspace       used 38781K, capacity 40636K, committed 40832K, reserved 1083392K
  class space    used 5510K, capacity 5915K, committed 6016K, reserved 1048576K
Event: 4.829 GC heap after
Heap after GC invocations=10 (full 2):
 PSYoungGen      total 207872K, used 8107K [0x0000000780000000, 0x000000078e180000, 0x00000007c0000000)
  eden space 199680K, 0% used [0x0000000780000000,0x0000000780000000,0x000000078c300000)
  from space 8192K, 98% used [0x000000078d980000,0x000000078e16ad08,0x000000078e180000)
  to   space 13312K, 0% used [0x000000078c780000,0x000000078c780000,0x000000078d480000)
 ParOldGen       total 112128K, used 13246K [0x0000000700000000, 0x0000000706d80000, 0x0000000780000000)
  object space 112128K, 11% used [0x0000000700000000,0x0000000700cef838,0x0000000706d80000)
 Metaspace       used 38781K, capacity 40636K, committed 40832K, reserved 1083392K
  class space    used 5510K, capacity 5915K, committed 6016K, reserved 1048576K
}
Event: 5.797 GC heap before
{Heap before GC invocations=11 (full 2):
 PSYoungGen      total 207872K, used 207787K [0x0000000780000000, 0x000000078e180000, 0x00000007c0000000)
  eden space 199680K, 100% used [0x0000000780000000,0x000000078c300000,0x000000078c300000)
  from space 8192K, 98% used [0x000000078d980000,0x000000078e16ad08,0x000000078e180000)
  to   space 13312K, 0% used [0x000000078c780000,0x000000078c780000,0x000000078d480000)
 ParOldGen       total 112128K, used 13246K [0x0000000700000000, 0x0000000706d80000, 0x0000000780000000)
  object space 112128K, 11% used [0x0000000700000000,0x0000000700cef838,0x0000000706d80000)
 Metaspace       used 47466K, capacity 49996K, committed 50048K, reserved 1091584K
  class space    used 6718K, capacity 7271K, committed 7296K, reserved 1048576K
Event: 5.818 GC heap after
Heap after GC invocations=11 (full 2):
 PSYoungGen      total 217600K, used 13308K [0x0000000780000000, 0x0000000794500000, 0x00000007c0000000)
  eden space 204288K, 0% used [0x0000000780000000,0x0000000780000000,0x000000078c780000)
  from space 13312K, 99% used [0x000000078c780000,0x000000078d47f2e8,0x000000078d480000)
  to   space 16384K, 0% used [0x0000000793500000,0x0000000793500000,0x0000000794500000)
 ParOldGen       total 112128K, used 17112K [0x0000000700000000, 0x0000000706d80000, 0x0000000780000000)
  object space 112128K, 15% used [0x0000000700000000,0x00000007010b6168,0x0000000706d80000)
 Metaspace       used 47466K, capacity 49996K, committed 50048K, reserved 1091584K
  class space    used 6718K, capacity 7271K, committed 7296K, reserved 1048576K
}

