# JRE version: OpenJDK Runtime Environment Temurin-17.0.1+12 (17.0.1+12) (build 17.0.1+12)
# Java VM: OpenJDK 64-Bit Server VM Temurin-17.0.1+12 (17.0.1+12, mixed mode, sharing, tiered, compressed oops, compressed class ptrs, g1 gc, windows-amd64)
GC Precious Log:
 CPUs: 6 total, 6 available
 Memory: 16332M
 Large Page Support: Disabled
 NUMA Support: Disabled
 Compressed Oops: Enabled (Zero based)
 Heap Region Size: 2M
 Heap Min Capacity: 8M
 Heap Initial Capacity: 256M
 Heap Max Capacity: 3G
 Pre-touch: Disabled
 Parallel Workers: 6
 Concurrent Workers: 2
 Concurrent Refinement Workers: 6
 Periodic GC: Disabled
Heap:
 garbage-first heap   total 413696K, used 206548K [0x0000000740000000, 0x0000000800000000)
  region size 2048K, 2 young (4096K), 2 survivors (4096K)
 Metaspace       used 56036K, committed 56576K, reserved 1097728K
  class space    used 7572K, committed 7808K, reserved 1048576K
GC Heap History (20 events):
Event: 6.987 GC heap after
{Heap after GC invocations=16 (full 0):
 garbage-first heap   total 131072K, used 50087K [0x0000000740000000, 0x0000000800000000)
  region size 2048K, 2 young (4096K), 2 survivors (4096K)
 Metaspace       used 55101K, committed 55552K, reserved 1097728K
  class space    used 7471K, committed 7680K, reserved 1048576K
}
Event: 7.015 GC heap before
{Heap before GC invocations=16 (full 0):
 garbage-first heap   total 131072K, used 74663K [0x0000000740000000, 0x0000000800000000)
  region size 2048K, 5 young (10240K), 2 survivors (4096K)
 Metaspace       used 55113K, committed 55552K, reserved 1097728K
  class space    used 7471K, committed 7680K, reserved 1048576K
}
Event: 7.017 GC heap after
{Heap after GC invocations=17 (full 0):
 garbage-first heap   total 157696K, used 50083K [0x0000000740000000, 0x0000000800000000)
  region size 2048K, 2 young (4096K), 2 survivors (4096K)
 Metaspace       used 55113K, committed 55552K, reserved 1097728K
  class space    used 7471K, committed 7680K, reserved 1048576K
}
Event: 7.020 GC heap before
{Heap before GC invocations=17 (full 0):
 garbage-first heap   total 157696K, used 52131K [0x0000000740000000, 0x0000000800000000)
  region size 2048K, 3 young (6144K), 2 survivors (4096K)
 Metaspace       used 55116K, committed 55616K, reserved 1097728K
  class space    used 7471K, committed 7680K, reserved 1048576K
}
Event: 7.022 GC heap after
{Heap after GC invocations=18 (full 0):
 garbage-first heap   total 157696K, used 50008K [0x0000000740000000, 0x0000000800000000)
  region size 2048K, 2 young (4096K), 2 survivors (4096K)
 Metaspace       used 55116K, committed 55616K, reserved 1097728K
  class space    used 7471K, committed 7680K, reserved 1048576K
}
Event: 7.044 GC heap before
{Heap before GC invocations=18 (full 0):
 garbage-first heap   total 157696K, used 70488K [0x0000000740000000, 0x0000000800000000)
  region size 2048K, 3 young (6144K), 2 survivors (4096K)
 Metaspace       used 55116K, committed 55616K, reserved 1097728K
  class space    used 7471K, committed 7680K, reserved 1048576K
}
Event: 7.046 GC heap after
{Heap after GC invocations=19 (full 0):
 garbage-first heap   total 157696K, used 49941K [0x0000000740000000, 0x0000000800000000)
  region size 2048K, 2 young (4096K), 2 survivors (4096K)
 Metaspace       used 55116K, committed 55616K, reserved 1097728K
  class space    used 7471K, committed 7680K, reserved 1048576K
}
Event: 7.166 GC heap before
{Heap before GC invocations=19 (full 0):
 garbage-first heap   total 157696K, used 76565K [0x0000000740000000, 0x0000000800000000)
  region size 2048K, 7 young (14336K), 2 survivors (4096K)
 Metaspace       used 55606K, committed 56192K, reserved 1097728K
  class space    used 7547K, committed 7808K, reserved 1048576K
}
Event: 7.169 GC heap after
{Heap after GC invocations=20 (full 0):
 garbage-first heap   total 157696K, used 57987K [0x0000000740000000, 0x0000000800000000)
  region size 2048K, 3 young (6144K), 3 survivors (6144K)
 Metaspace       used 55606K, committed 56192K, reserved 1097728K
  class space    used 7547K, committed 7808K, reserved 1048576K
}
Event: 7.290 GC heap before
{Heap before GC invocations=20 (full 0):
 garbage-first heap   total 157696K, used 135811K [0x0000000740000000, 0x0000000800000000)
  region size 2048K, 36 young (73728K), 3 survivors (6144K)
 Metaspace       used 55722K, committed 56256K, reserved 1097728K
  class space    used 7557K, committed 7808K, reserved 1048576K
}
Event: 7.317 GC heap after
{Heap after GC invocations=21 (full 0):
 garbage-first heap   total 413696K, used 101696K [0x0000000740000000, 0x0000000800000000)
  region size 2048K, 5 young (10240K), 5 survivors (10240K)
 Metaspace       used 55722K, committed 56256K, reserved 1097728K
  class space    used 7557K, committed 7808K, reserved 1048576K
}
Event: 7.610 GC heap before
{Heap before GC invocations=21 (full 0):
 garbage-first heap   total 413696K, used 316736K [0x0000000740000000, 0x0000000800000000)
  region size 2048K, 73 young (149504K), 5 survivors (10240K)
 Metaspace       used 55924K, committed 56448K, reserved 1097728K
  class space    used 7572K, committed 7808K, reserved 1048576K
}
Event: 7.669 GC heap after
{Heap after GC invocations=22 (full 0):
 garbage-first heap   total 413696K, used 183838K [0x0000000740000000, 0x0000000800000000)
  region size 2048K, 10 young (20480K), 10 survivors (20480K)
 Metaspace       used 55924K, committed 56448K, reserved 1097728K
  class space    used 7572K, committed 7808K, reserved 1048576K
}
Event: 7.752 GC heap before
{Heap before GC invocations=22 (full 0):
 garbage-first heap   total 413696K, used 263710K [0x0000000740000000, 0x0000000800000000)
  region size 2048K, 49 young (100352K), 10 survivors (20480K)
 Metaspace       used 55924K, committed 56448K, reserved 1097728K
  class space    used 7572K, committed 7808K, reserved 1048576K
}
Event: 7.783 GC heap after
{Heap after GC invocations=23 (full 0):
 garbage-first heap   total 413696K, used 238292K [0x0000000740000000, 0x0000000800000000)
  region size 2048K, 7 young (14336K), 7 survivors (14336K)
 Metaspace       used 55924K, committed 56448K, reserved 1097728K
  class space    used 7572K, committed 7808K, reserved 1048576K
}
Event: 7.822 GC heap before
{Heap before GC invocations=23 (full 0):
 garbage-first heap   total 413696K, used 271060K [0x0000000740000000, 0x0000000800000000)
  region size 2048K, 24 young (49152K), 7 survivors (14336K)
 Metaspace       used 55924K, committed 56448K, reserved 1097728K
  class space    used 7572K, committed 7808K, reserved 1048576K
}
Event: 7.845 GC heap after
{Heap after GC invocations=24 (full 0):
 garbage-first heap   total 413696K, used 266964K [0x0000000740000000, 0x0000000800000000)
  region size 2048K, 5 young (10240K), 5 survivors (10240K)
 Metaspace       used 55924K, committed 56448K, reserved 1097728K
  class space    used 7572K, committed 7808K, reserved 1048576K
}
Event: 8.004 GC heap before
{Heap before GC invocations=25 (full 0):
 garbage-first heap   total 413696K, used 287444K [0x0000000740000000, 0x0000000800000000)
  region size 2048K, 24 young (49152K), 5 survivors (10240K)
 Metaspace       used 56036K, committed 56576K, reserved 1097728K
  class space    used 7572K, committed 7808K, reserved 1048576K
}
Event: 8.020 GC heap after
{Heap after GC invocations=26 (full 0):
 garbage-first heap   total 413696K, used 211668K [0x0000000740000000, 0x0000000800000000)
  region size 2048K, 3 young (6144K), 3 survivors (6144K)
 Metaspace       used 56036K, committed 56576K, reserved 1097728K
  class space    used 7572K, committed 7808K, reserved 1048576K
}
Event: 8.028 GC heap before
{Heap before GC invocations=26 (full 0):
 garbage-first heap   total 413696K, used 226004K [0x0000000740000000, 0x0000000800000000)
  region size 2048K, 10 young (20480K), 3 survivors (6144K)
 Metaspace       used 56036K, committed 56576K, reserved 1097728K
  class space    used 7572K, committed 7808K, reserved 1048576K
}

