# JRE version: OpenJDK Runtime Environment Temurin-17.0.1+12 (17.0.1+12) (build 17.0.1+12)
# Java VM: OpenJDK 64-Bit Server VM Temurin-17.0.1+12 (17.0.1+12, mixed mode, sharing, tiered, compressed oops, compressed class ptrs, g1 gc, windows-amd64)
GC Precious Log:
 CPUs: 6 total, 6 available
 Memory: 16332M
 Large Page Support: Disabled
 NUMA Support: Disabled
 Compressed Oops: Enabled (Zero based)
 Heap Region Size: 2M
 Heap Min Capacity: 8M
 Heap Initial Capacity: 256M
 Heap Max Capacity: 3G
 Pre-touch: Disabled
 Parallel Workers: 6
 Concurrent Workers: 2
 Concurrent Refinement Workers: 6
 Periodic GC: Disabled
Heap:
 garbage-first heap   total 415744K, used 242828K [0x0000000740000000, 0x0000000800000000)
  region size 2048K, 4 young (8192K), 4 survivors (8192K)
 Metaspace       used 56239K, committed 56768K, reserved 1105920K
  class space    used 7576K, committed 7808K, reserved 1048576K
GC Heap History (20 events):
Event: 15.791 GC heap after
{Heap after GC invocations=17 (full 0):
 garbage-first heap   total 163840K, used 48043K [0x0000000740000000, 0x0000000800000000)
  region size 2048K, 1 young (2048K), 1 survivors (2048K)
 Metaspace       used 55331K, committed 55808K, reserved 1097728K
  class space    used 7472K, committed 7680K, reserved 1048576K
}
Event: 15.883 GC heap before
{Heap before GC invocations=17 (full 0):
 garbage-first heap   total 163840K, used 80811K [0x0000000740000000, 0x0000000800000000)
  region size 2048K, 5 young (10240K), 1 survivors (2048K)
 Metaspace       used 55828K, committed 56320K, reserved 1097728K
  class space    used 7549K, committed 7808K, reserved 1048576K
}
Event: 15.885 GC heap after
{Heap after GC invocations=18 (full 0):
 garbage-first heap   total 163840K, used 48543K [0x0000000740000000, 0x0000000800000000)
  region size 2048K, 2 young (4096K), 2 survivors (4096K)
 Metaspace       used 55828K, committed 56320K, reserved 1097728K
  class space    used 7549K, committed 7808K, reserved 1048576K
}
Event: 16.031 GC heap before
{Heap before GC invocations=18 (full 0):
 garbage-first heap   total 163840K, used 146847K [0x0000000740000000, 0x0000000800000000)
  region size 2048K, 39 young (79872K), 2 survivors (4096K)
 Metaspace       used 55949K, committed 56512K, reserved 1105920K
  class space    used 7560K, committed 7808K, reserved 1048576K
}
Event: 16.066 GC heap after
{Heap after GC invocations=19 (full 0):
 garbage-first heap   total 204800K, used 104118K [0x0000000740000000, 0x0000000800000000)
  region size 2048K, 6 young (12288K), 6 survivors (12288K)
 Metaspace       used 55949K, committed 56512K, reserved 1105920K
  class space    used 7560K, committed 7808K, reserved 1048576K
}
Event: 16.112 GC heap before
{Heap before GC invocations=19 (full 0):
 garbage-first heap   total 204800K, used 147126K [0x0000000740000000, 0x0000000800000000)
  region size 2048K, 27 young (55296K), 6 survivors (12288K)
 Metaspace       used 55949K, committed 56512K, reserved 1105920K
  class space    used 7560K, committed 7808K, reserved 1048576K
}
Event: 16.129 GC heap after
{Heap after GC invocations=20 (full 0):
 garbage-first heap   total 204800K, used 133031K [0x0000000740000000, 0x0000000800000000)
  region size 2048K, 4 young (8192K), 4 survivors (8192K)
 Metaspace       used 55949K, committed 56512K, reserved 1105920K
  class space    used 7560K, committed 7808K, reserved 1048576K
}
Event: 16.168 GC heap before
{Heap before GC invocations=20 (full 0):
 garbage-first heap   total 204800K, used 155559K [0x0000000740000000, 0x0000000800000000)
  region size 2048K, 15 young (30720K), 4 survivors (8192K)
 Metaspace       used 56059K, committed 56576K, reserved 1105920K
  class space    used 7574K, committed 7808K, reserved 1048576K
}
Event: 16.180 GC heap after
{Heap after GC invocations=21 (full 0):
 garbage-first heap   total 415744K, used 150467K [0x0000000740000000, 0x0000000800000000)
  region size 2048K, 2 young (4096K), 2 survivors (4096K)
 Metaspace       used 56059K, committed 56576K, reserved 1105920K
  class space    used 7574K, committed 7808K, reserved 1048576K
}
Event: 16.433 GC heap before
{Heap before GC invocations=22 (full 0):
 garbage-first heap   total 415744K, used 318403K [0x0000000740000000, 0x0000000800000000)
  region size 2048K, 49 young (100352K), 2 survivors (4096K)
 Metaspace       used 56121K, committed 56704K, reserved 1105920K
  class space    used 7575K, committed 7808K, reserved 1048576K
}
Event: 16.469 GC heap after
{Heap after GC invocations=23 (full 0):
 garbage-first heap   total 415744K, used 215757K [0x0000000740000000, 0x0000000800000000)
  region size 2048K, 7 young (14336K), 7 survivors (14336K)
 Metaspace       used 56121K, committed 56704K, reserved 1105920K
  class space    used 7575K, committed 7808K, reserved 1048576K
}
Event: 16.501 GC heap before
{Heap before GC invocations=23 (full 0):
 garbage-first heap   total 415744K, used 221901K [0x0000000740000000, 0x0000000800000000)
  region size 2048K, 10 young (20480K), 7 survivors (14336K)
 Metaspace       used 56121K, committed 56704K, reserved 1105920K
  class space    used 7575K, committed 7808K, reserved 1048576K
}
Event: 16.516 GC heap after
{Heap after GC invocations=24 (full 0):
 garbage-first heap   total 415744K, used 221183K [0x0000000740000000, 0x0000000800000000)
  region size 2048K, 2 young (4096K), 2 survivors (4096K)
 Metaspace       used 56121K, committed 56704K, reserved 1105920K
  class space    used 7575K, committed 7808K, reserved 1048576K
}
Event: 16.554 GC heap before
{Heap before GC invocations=24 (full 0):
 garbage-first heap   total 415744K, used 280575K [0x0000000740000000, 0x0000000800000000)
  region size 2048K, 31 young (63488K), 2 survivors (4096K)
 Metaspace       used 56121K, committed 56704K, reserved 1105920K
  class space    used 7575K, committed 7808K, reserved 1048576K
}
Event: 16.571 GC heap after
{Heap after GC invocations=25 (full 0):
 garbage-first heap   total 415744K, used 263493K [0x0000000740000000, 0x0000000800000000)
  region size 2048K, 4 young (8192K), 4 survivors (8192K)
 Metaspace       used 56121K, committed 56704K, reserved 1105920K
  class space    used 7575K, committed 7808K, reserved 1048576K
}
Event: 16.679 GC heap before
{Heap before GC invocations=26 (full 0):
 garbage-first heap   total 415744K, used 273733K [0x0000000740000000, 0x0000000800000000)
  region size 2048K, 24 young (49152K), 4 survivors (8192K)
 Metaspace       used 56223K, committed 56768K, reserved 1105920K
  class space    used 7575K, committed 7808K, reserved 1048576K
}
Event: 16.696 GC heap after
{Heap after GC invocations=27 (full 0):
 garbage-first heap   total 415744K, used 214015K [0x0000000740000000, 0x0000000800000000)
  region size 2048K, 3 young (6144K), 3 survivors (6144K)
 Metaspace       used 56223K, committed 56768K, reserved 1105920K
  class space    used 7575K, committed 7808K, reserved 1048576K
}
Event: 16.714 GC heap before
{Heap before GC invocations=27 (full 0):
 garbage-first heap   total 415744K, used 238591K [0x0000000740000000, 0x0000000800000000)
  region size 2048K, 10 young (20480K), 3 survivors (6144K)
 Metaspace       used 56224K, committed 56768K, reserved 1105920K
  class space    used 7575K, committed 7808K, reserved 1048576K
}
Event: 16.723 GC heap after
{Heap after GC invocations=28 (full 0):
 garbage-first heap   total 415744K, used 209894K [0x0000000740000000, 0x0000000800000000)
  region size 2048K, 2 young (4096K), 2 survivors (4096K)
 Metaspace       used 56224K, committed 56768K, reserved 1105920K
  class space    used 7575K, committed 7808K, reserved 1048576K
}
Event: 16.747 GC heap before
{Heap before GC invocations=28 (full 0):
 garbage-first heap   total 415744K, used 271334K [0x0000000740000000, 0x0000000800000000)
  region size 2048K, 32 young (65536K), 2 survivors (4096K)
 Metaspace       used 56239K, committed 56768K, reserved 1105920K
  class space    used 7576K, committed 7808K, reserved 1048576K
}

