# JRE version: OpenJDK Runtime Environment (8.0_312-b07) (build 1.8.0_312-b07)
# Java VM: OpenJDK 64-Bit Server VM (25.312-b07 mixed mode windows-amd64 compressed oops)
Heap:
 PSYoungGen      total 238592K, used 112874K [0x0000000780000000, 0x000000078fd00000, 0x00000007c0000000)
  eden space 223232K, 50% used [0x0000000780000000,0x0000000786e3a948,0x000000078da00000)
  from space 15360K, 0% used [0x000000078e880000,0x000000078e880000,0x000000078f780000)
  to   space 14848K, 0% used [0x000000078da00000,0x000000078da00000,0x000000078e880000)
 ParOldGen       total 135680K, used 15644K [0x0000000700000000, 0x0000000708480000, 0x0000000780000000)
  object space 135680K, 11% used [0x0000000700000000,0x0000000700f473c8,0x0000000708480000)
 Metaspace       used 38455K, capacity 40216K, committed 40448K, reserved 1085440K
  class space    used 5479K, capacity 5854K, committed 5888K, reserved 1048576K
GC Heap History (10 events):
Event: 2.357 GC heap before
{Heap before GC invocations=4 (full 0):
 PSYoungGen      total 76288K, used 52074K [0x0000000780000000, 0x0000000789500000, 0x00000007c0000000)
  eden space 65536K, 63% used [0x0000000780000000,0x0000000782881040,0x0000000784000000)
  from space 10752K, 98% used [0x0000000784000000,0x0000000784a59ab0,0x0000000784a80000)
  to   space 10752K, 0% used [0x0000000788a80000,0x0000000788a80000,0x0000000789500000)
 ParOldGen       total 175104K, used 24K [0x0000000700000000, 0x000000070ab00000, 0x0000000780000000)
  object space 175104K, 0% used [0x0000000700000000,0x0000000700006000,0x000000070ab00000)
 Metaspace       used 20612K, capacity 21260K, committed 21296K, reserved 1067008K
  class space    used 2992K, capacity 3180K, committed 3200K, reserved 1048576K
Event: 2.363 GC heap after
Heap after GC invocations=4 (full 0):
 PSYoungGen      total 141824K, used 10106K [0x0000000780000000, 0x0000000789500000, 0x00000007c0000000)
  eden space 131072K, 0% used [0x0000000780000000,0x0000000780000000,0x0000000788000000)
  from space 10752K, 93% used [0x0000000788a80000,0x000000078945eb40,0x0000000789500000)
  to   space 10752K, 0% used [0x0000000788000000,0x0000000788000000,0x0000000788a80000)
 ParOldGen       total 175104K, used 32K [0x0000000700000000, 0x000000070ab00000, 0x0000000780000000)
  object space 175104K, 0% used [0x0000000700000000,0x0000000700008000,0x000000070ab00000)
 Metaspace       used 20612K, capacity 21260K, committed 21296K, reserved 1067008K
  class space    used 2992K, capacity 3180K, committed 3200K, reserved 1048576K
}
Event: 2.363 GC heap before
{Heap before GC invocations=5 (full 1):
 PSYoungGen      total 141824K, used 10106K [0x0000000780000000, 0x0000000789500000, 0x00000007c0000000)
  eden space 131072K, 0% used [0x0000000780000000,0x0000000780000000,0x0000000788000000)
  from space 10752K, 93% used [0x0000000788a80000,0x000000078945eb40,0x0000000789500000)
  to   space 10752K, 0% used [0x0000000788000000,0x0000000788000000,0x0000000788a80000)
 ParOldGen       total 175104K, used 32K [0x0000000700000000, 0x000000070ab00000, 0x0000000780000000)
  object space 175104K, 0% used [0x0000000700000000,0x0000000700008000,0x000000070ab00000)
 Metaspace       used 20612K, capacity 21260K, committed 21296K, reserved 1067008K
  class space    used 2992K, capacity 3180K, committed 3200K, reserved 1048576K
Event: 2.386 GC heap after
Heap after GC invocations=5 (full 1):
 PSYoungGen      total 141824K, used 0K [0x0000000780000000, 0x0000000789500000, 0x00000007c0000000)
  eden space 131072K, 0% used [0x0000000780000000,0x0000000780000000,0x0000000788000000)
  from space 10752K, 0% used [0x0000000788a80000,0x0000000788a80000,0x0000000789500000)
  to   space 10752K, 0% used [0x0000000788000000,0x0000000788000000,0x0000000788a80000)
 ParOldGen       total 94208K, used 9877K [0x0000000700000000, 0x0000000705c00000, 0x0000000780000000)
  object space 94208K, 10% used [0x0000000700000000,0x00000007009a55a8,0x0000000705c00000)
 Metaspace       used 20612K, capacity 21260K, committed 21296K, reserved 1067008K
  class space    used 2992K, capacity 3180K, committed 3200K, reserved 1048576K
}
Event: 3.316 GC heap before
{Heap before GC invocations=6 (full 1):
 PSYoungGen      total 141824K, used 131072K [0x0000000780000000, 0x0000000789500000, 0x00000007c0000000)
  eden space 131072K, 100% used [0x0000000780000000,0x0000000788000000,0x0000000788000000)
  from space 10752K, 0% used [0x0000000788a80000,0x0000000788a80000,0x0000000789500000)
  to   space 10752K, 0% used [0x0000000788000000,0x0000000788000000,0x0000000788a80000)
 ParOldGen       total 94208K, used 9877K [0x0000000700000000, 0x0000000705c00000, 0x0000000780000000)
  object space 94208K, 10% used [0x0000000700000000,0x00000007009a55a8,0x0000000705c00000)
 Metaspace       used 32647K, capacity 34064K, committed 34176K, reserved 1079296K
  class space    used 4610K, capacity 4908K, committed 4992K, reserved 1048576K
Event: 3.329 GC heap after
Heap after GC invocations=6 (full 1):
 PSYoungGen      total 141824K, used 10728K [0x0000000780000000, 0x000000078f780000, 0x00000007c0000000)
  eden space 131072K, 0% used [0x0000000780000000,0x0000000780000000,0x0000000788000000)
  from space 10752K, 99% used [0x0000000788000000,0x0000000788a7a1d8,0x0000000788a80000)
  to   space 15360K, 0% used [0x000000078e880000,0x000000078e880000,0x000000078f780000)
 ParOldGen       total 94208K, used 12699K [0x0000000700000000, 0x0000000705c00000, 0x0000000780000000)
  object space 94208K, 13% used [0x0000000700000000,0x0000000700c66f98,0x0000000705c00000)
 Metaspace       used 32647K, capacity 34064K, committed 34176K, reserved 1079296K
  class space    used 4610K, capacity 4908K, committed 4992K, reserved 1048576K
}
Event: 3.457 GC heap before
{Heap before GC invocations=7 (full 1):
 PSYoungGen      total 141824K, used 40322K [0x0000000780000000, 0x000000078f780000, 0x00000007c0000000)
  eden space 131072K, 22% used [0x0000000780000000,0x0000000781ce6a00,0x0000000788000000)
  from space 10752K, 99% used [0x0000000788000000,0x0000000788a7a1d8,0x0000000788a80000)
  to   space 15360K, 0% used [0x000000078e880000,0x000000078e880000,0x000000078f780000)
 ParOldGen       total 94208K, used 12699K [0x0000000700000000, 0x0000000705c00000, 0x0000000780000000)
  object space 94208K, 13% used [0x0000000700000000,0x0000000700c66f98,0x0000000705c00000)
 Metaspace       used 33926K, capacity 35296K, committed 35456K, reserved 1079296K
  class space    used 4824K, capacity 5129K, committed 5248K, reserved 1048576K
Event: 3.464 GC heap after
Heap after GC invocations=7 (full 1):
 PSYoungGen      total 238592K, used 8283K [0x0000000780000000, 0x000000078fd00000, 0x00000007c0000000)
  eden space 223232K, 0% used [0x0000000780000000,0x0000000780000000,0x000000078da00000)
  from space 15360K, 53% used [0x000000078e880000,0x000000078f096ed8,0x000000078f780000)
  to   space 14848K, 0% used [0x000000078da00000,0x000000078da00000,0x000000078e880000)
 ParOldGen       total 94208K, used 12707K [0x0000000700000000, 0x0000000705c00000, 0x0000000780000000)
  object space 94208K, 13% used [0x0000000700000000,0x0000000700c68f98,0x0000000705c00000)
 Metaspace       used 33926K, capacity 35296K, committed 35456K, reserved 1079296K
  class space    used 4824K, capacity 5129K, committed 5248K, reserved 1048576K
}
Event: 3.464 GC heap before
{Heap before GC invocations=8 (full 2):
 PSYoungGen      total 238592K, used 8283K [0x0000000780000000, 0x000000078fd00000, 0x00000007c0000000)
  eden space 223232K, 0% used [0x0000000780000000,0x0000000780000000,0x000000078da00000)
  from space 15360K, 53% used [0x000000078e880000,0x000000078f096ed8,0x000000078f780000)
  to   space 14848K, 0% used [0x000000078da00000,0x000000078da00000,0x000000078e880000)
 ParOldGen       total 94208K, used 12707K [0x0000000700000000, 0x0000000705c00000, 0x0000000780000000)
  object space 94208K, 13% used [0x0000000700000000,0x0000000700c68f98,0x0000000705c00000)
 Metaspace       used 33926K, capacity 35296K, committed 35456K, reserved 1079296K
  class space    used 4824K, capacity 5129K, committed 5248K, reserved 1048576K
Event: 3.497 GC heap after
Heap after GC invocations=8 (full 2):
 PSYoungGen      total 238592K, used 0K [0x0000000780000000, 0x000000078fd00000, 0x00000007c0000000)
  eden space 223232K, 0% used [0x0000000780000000,0x0000000780000000,0x000000078da00000)
  from space 15360K, 0% used [0x000000078e880000,0x000000078e880000,0x000000078f780000)
  to   space 14848K, 0% used [0x000000078da00000,0x000000078da00000,0x000000078e880000)
 ParOldGen       total 135680K, used 15644K [0x0000000700000000, 0x0000000708480000, 0x0000000780000000)
  object space 135680K, 11% used [0x0000000700000000,0x0000000700f473c8,0x0000000708480000)
 Metaspace       used 33926K, capacity 35296K, committed 35456K, reserved 1079296K
  class space    used 4824K, capacity 5129K, committed 5248K, reserved 1048576K
}

