# JRE version: OpenJDK Runtime Environment (8.0_312-b07) (build 1.8.0_312-b07)
# Java VM: OpenJDK 64-Bit Server VM (25.312-b07 mixed mode windows-amd64 compressed oops)
Heap:
 PSYoungGen      total 509952K, used 152274K [0x0000000780000000, 0x00000007add00000, 0x00000007c0000000)
  eden space 467456K, 23% used [0x0000000780000000,0x0000000786b39e90,0x000000079c880000)
  from space 42496K, 99% used [0x000000079c880000,0x000000079f1faa88,0x000000079f200000)
  to   space 66560K, 0% used [0x00000007a9c00000,0x00000007a9c00000,0x00000007add00000)
 ParOldGen       total 232448K, used 111080K [0x0000000700000000, 0x000000070e300000, 0x0000000780000000)
  object space 232448K, 47% used [0x0000000700000000,0x0000000706c7a0f8,0x000000070e300000)
 Metaspace       used 60693K, capacity 64940K, committed 65280K, reserved 1105920K
  class space    used 8614K, capacity 9385K, committed 9472K, reserved 1048576K
GC Heap History (10 events):
Event: 6.815 GC heap before
{Heap before GC invocations=8 (full 2):
 PSYoungGen      total 272896K, used 262144K [0x0000000780000000, 0x0000000798c00000, 0x00000007c0000000)
  eden space 262144K, 100% used [0x0000000780000000,0x0000000790000000,0x0000000790000000)
  from space 10752K, 0% used [0x0000000790000000,0x0000000790000000,0x0000000790a80000)
  to   space 16896K, 0% used [0x0000000797b80000,0x0000000797b80000,0x0000000798c00000)
 ParOldGen       total 161792K, used 15525K [0x0000000700000000, 0x0000000709e00000, 0x0000000780000000)
  object space 161792K, 9% used [0x0000000700000000,0x0000000700f294d8,0x0000000709e00000)
 Metaspace       used 50281K, capacity 52710K, committed 52992K, reserved 1095680K
  class space    used 7099K, capacity 7584K, committed 7680K, reserved 1048576K
Event: 6.827 GC heap after
Heap after GC invocations=8 (full 2):
 PSYoungGen      total 378368K, used 16893K [0x0000000780000000, 0x0000000798c00000, 0x00000007c0000000)
  eden space 361472K, 0% used [0x0000000780000000,0x0000000780000000,0x0000000796100000)
  from space 16896K, 99% used [0x0000000797b80000,0x0000000798bff6d8,0x0000000798c00000)
  to   space 20480K, 0% used [0x0000000796400000,0x0000000796400000,0x0000000797800000)
 ParOldGen       total 161792K, used 16677K [0x0000000700000000, 0x0000000709e00000, 0x0000000780000000)
  object space 161792K, 10% used [0x0000000700000000,0x0000000701049610,0x0000000709e00000)
 Metaspace       used 50281K, capacity 52710K, committed 52992K, reserved 1095680K
  class space    used 7099K, capacity 7584K, committed 7680K, reserved 1048576K
}
Event: 8.174 GC heap before
{Heap before GC invocations=9 (full 2):
 PSYoungGen      total 378368K, used 265418K [0x0000000780000000, 0x0000000798c00000, 0x00000007c0000000)
  eden space 361472K, 68% used [0x0000000780000000,0x000000078f2b3438,0x0000000796100000)
  from space 16896K, 99% used [0x0000000797b80000,0x0000000798bff6d8,0x0000000798c00000)
  to   space 20480K, 0% used [0x0000000796400000,0x0000000796400000,0x0000000797800000)
 ParOldGen       total 161792K, used 16677K [0x0000000700000000, 0x0000000709e00000, 0x0000000780000000)
  object space 161792K, 10% used [0x0000000700000000,0x0000000701049610,0x0000000709e00000)
 Metaspace       used 55748K, capacity 58952K, committed 59096K, reserved 1099776K
  class space    used 7853K, capacity 8473K, committed 8576K, reserved 1048576K
Event: 8.189 GC heap after
Heap after GC invocations=9 (full 2):
 PSYoungGen      total 385024K, used 19706K [0x0000000780000000, 0x00000007a0900000, 0x00000007c0000000)
  eden space 364544K, 0% used [0x0000000780000000,0x0000000780000000,0x0000000796400000)
  from space 20480K, 96% used [0x0000000796400000,0x000000079773e9a0,0x0000000797800000)
  to   space 23552K, 0% used [0x000000079f200000,0x000000079f200000,0x00000007a0900000)
 ParOldGen       total 161792K, used 16749K [0x0000000700000000, 0x0000000709e00000, 0x0000000780000000)
  object space 161792K, 10% used [0x0000000700000000,0x000000070105b620,0x0000000709e00000)
 Metaspace       used 55748K, capacity 58952K, committed 59096K, reserved 1099776K
  class space    used 7853K, capacity 8473K, committed 8576K, reserved 1048576K
}
Event: 8.189 GC heap before
{Heap before GC invocations=10 (full 3):
 PSYoungGen      total 385024K, used 19706K [0x0000000780000000, 0x00000007a0900000, 0x00000007c0000000)
  eden space 364544K, 0% used [0x0000000780000000,0x0000000780000000,0x0000000796400000)
  from space 20480K, 96% used [0x0000000796400000,0x000000079773e9a0,0x0000000797800000)
  to   space 23552K, 0% used [0x000000079f200000,0x000000079f200000,0x00000007a0900000)
 ParOldGen       total 161792K, used 16749K [0x0000000700000000, 0x0000000709e00000, 0x0000000780000000)
  object space 161792K, 10% used [0x0000000700000000,0x000000070105b620,0x0000000709e00000)
 Metaspace       used 55748K, capacity 58952K, committed 59096K, reserved 1099776K
  class space    used 7853K, capacity 8473K, committed 8576K, reserved 1048576K
Event: 8.296 GC heap after
Heap after GC invocations=10 (full 3):
 PSYoungGen      total 385024K, used 0K [0x0000000780000000, 0x00000007a0900000, 0x00000007c0000000)
  eden space 364544K, 0% used [0x0000000780000000,0x0000000780000000,0x0000000796400000)
  from space 20480K, 0% used [0x0000000796400000,0x0000000796400000,0x0000000797800000)
  to   space 23552K, 0% used [0x000000079f200000,0x000000079f200000,0x00000007a0900000)
 ParOldGen       total 232448K, used 33546K [0x0000000700000000, 0x000000070e300000, 0x0000000780000000)
  object space 232448K, 14% used [0x0000000700000000,0x00000007020c2998,0x000000070e300000)
 Metaspace       used 55697K, capacity 58778K, committed 59096K, reserved 1099776K
  class space    used 7836K, capacity 8444K, committed 8576K, reserved 1048576K
}
Event: 8.919 GC heap before
{Heap before GC invocations=11 (full 3):
 PSYoungGen      total 385024K, used 364544K [0x0000000780000000, 0x00000007a0900000, 0x00000007c0000000)
  eden space 364544K, 100% used [0x0000000780000000,0x0000000796400000,0x0000000796400000)
  from space 20480K, 0% used [0x0000000796400000,0x0000000796400000,0x0000000797800000)
  to   space 23552K, 0% used [0x000000079f200000,0x000000079f200000,0x00000007a0900000)
 ParOldGen       total 232448K, used 33546K [0x0000000700000000, 0x000000070e300000, 0x0000000780000000)
  object space 232448K, 14% used [0x0000000700000000,0x00000007020c2998,0x000000070e300000)
 Metaspace       used 56435K, capacity 59730K, committed 59776K, reserved 1099776K
  class space    used 7940K, capacity 8574K, committed 8576K, reserved 1048576K
Event: 8.952 GC heap after
Heap after GC invocations=11 (full 3):
 PSYoungGen      total 491008K, used 23543K [0x0000000780000000, 0x00000007a5580000, 0x00000007c0000000)
  eden space 467456K, 0% used [0x0000000780000000,0x0000000780000000,0x000000079c880000)
  from space 23552K, 99% used [0x000000079f200000,0x00000007a08fdfa0,0x00000007a0900000)
  to   space 42496K, 0% used [0x000000079c880000,0x000000079c880000,0x000000079f200000)
 ParOldGen       total 232448K, used 69696K [0x0000000700000000, 0x000000070e300000, 0x0000000780000000)
  object space 232448K, 29% used [0x0000000700000000,0x0000000704410288,0x000000070e300000)
 Metaspace       used 56435K, capacity 59730K, committed 59776K, reserved 1099776K
  class space    used 7940K, capacity 8574K, committed 8576K, reserved 1048576K
}
Event: 9.702 GC heap before
{Heap before GC invocations=12 (full 3):
 PSYoungGen      total 491008K, used 490999K [0x0000000780000000, 0x00000007a5580000, 0x00000007c0000000)
  eden space 467456K, 100% used [0x0000000780000000,0x000000079c880000,0x000000079c880000)
  from space 23552K, 99% used [0x000000079f200000,0x00000007a08fdfa0,0x00000007a0900000)
  to   space 42496K, 0% used [0x000000079c880000,0x000000079c880000,0x000000079f200000)
 ParOldGen       total 232448K, used 69696K [0x0000000700000000, 0x000000070e300000, 0x0000000780000000)
  object space 232448K, 29% used [0x0000000700000000,0x0000000704410288,0x000000070e300000)
 Metaspace       used 59672K, capacity 63828K, committed 64128K, reserved 1103872K
  class space    used 8460K, capacity 9245K, committed 9344K, reserved 1048576K
Event: 9.756 GC heap after
Heap after GC invocations=12 (full 3):
 PSYoungGen      total 509952K, used 42474K [0x0000000780000000, 0x00000007add00000, 0x00000007c0000000)
  eden space 467456K, 0% used [0x0000000780000000,0x0000000780000000,0x000000079c880000)
  from space 42496K, 99% used [0x000000079c880000,0x000000079f1faa88,0x000000079f200000)
  to   space 66560K, 0% used [0x00000007a9c00000,0x00000007a9c00000,0x00000007add00000)
 ParOldGen       total 232448K, used 111080K [0x0000000700000000, 0x000000070e300000, 0x0000000780000000)
  object space 232448K, 47% used [0x0000000700000000,0x0000000706c7a0f8,0x000000070e300000)
 Metaspace       used 59672K, capacity 63828K, committed 64128K, reserved 1103872K
  class space    used 8460K, capacity 9245K, committed 9344K, reserved 1048576K
}

